  MyForm.cpp
c:\users\vaks\desktop\desarrollo\workspace\genecounter\genecounter\myform.h(196): warning C4267: 'inicializando': conversión de 'size_t' a 'int'; posible pérdida de datos
c:\users\vaks\desktop\desarrollo\workspace\genecounter\genecounter\myform.h(306): warning C4244: 'argumento': conversión de 'int' a 'float'; posible pérdida de datos
c:\opencv\build\include\opencv2\core\cvstd.hpp(575): warning C4793: 'cv::String::String': función compilada como nativa :
  	Se encontró un elemento intrínseco no admitido en código administrado
c:\opencv\build\include\opencv2\core\cuda.inl.hpp(105): warning C4793: 'cv::cuda::GpuMat::GpuMat': función compilada como nativa :
  	Se encontró un elemento intrínseco no admitido en código administrado
c:\opencv\build\include\opencv2\core\cuda.inl.hpp(395): warning C4793: 'cv::cuda::HostMem::HostMem': función compilada como nativa :
  	Se encontró un elemento intrínseco no admitido en código administrado
c:\opencv\build\include\opencv2\core\mat.inl.hpp(482): warning C4793: 'cv::Mat::Mat': función compilada como nativa :
  	Se encontró un elemento intrínseco no admitido en código administrado
c:\opencv\build\include\opencv2\core\fast_math.hpp(105): warning C4793: '`anonymous namespace'::cvRound': función compilada como nativa :
  	Se encontró un elemento intrínseco no admitido en código administrado
c:\opencv\build\include\opencv2\core\fast_math.hpp(106): warning C4793: '`anonymous namespace'::cvRound': función compilada como nativa :
  	Se encontró un elemento intrínseco no admitido en código administrado
c:\opencv\build\include\opencv2\core\fast_math.hpp(193): warning C4793: '`anonymous namespace'::cvRound': función compilada como nativa :
  	Se encontró un elemento intrínseco no admitido en código administrado
c:\opencv\build\include\opencv2\core\fast_math.hpp(194): warning C4793: '`anonymous namespace'::cvRound': función compilada como nativa :
  	Se encontró un elemento intrínseco no admitido en código administrado
c:\opencv\build\include\opencv2\core\mat.inl.hpp(803): warning C4793: 'cv::Mat::release': función compilada como nativa :
  	Se encontró un elemento intrínseco no admitido en código administrado
c:\opencv\build\include\opencv2\core\mat.inl.hpp(2118): warning C4793: 'cv::SparseMat::addref': función compilada como nativa :
  	Se encontró un elemento intrínseco no admitido en código administrado
c:\opencv\build\include\opencv2\core\mat.inl.hpp(3718): warning C4793: 'cv::UMat::addref': función compilada como nativa :
  	Se encontró un elemento intrínseco no admitido en código administrado
c:\opencv\build\include\opencv2\core\ptr.inl.hpp(67): warning C4793: 'cv::detail::PtrOwner::incRef': función compilada como nativa :
  	Se encontró un elemento intrínseco no admitido en código administrado
c:\opencv\build\include\opencv2\core\ptr.inl.hpp(72): warning C4793: 'cv::detail::PtrOwner::decRef': función compilada como nativa :
  	Se encontró un elemento intrínseco no admitido en código administrado
c:\opencv\build\include\opencv2\core\cvstd.hpp(657): warning C4793: 'cv::String::operator=': función compilada como nativa :
  	Se encontró un elemento intrínseco no admitido en código administrado
MyForm.obj : error LNK2028: se hace referencia al símbolo (token) sin resolver (0A001384) "void __cdecl cv::findContours(class cv::_InputOutputArray const &,class cv::_OutputArray const &,class cv::_OutputArray const &,int,int,class cv::Point_<int>)" (?findContours@cv@@$$FYAXAEBV_InputOutputArray@1@AEBV_OutputArray@1@1HHV?$Point_@H@1@@Z) en la función "private: class cv::Mat __clrcall GeneCounter::MyForm::contarGenes(class cv::Mat)" (?contarGenes@MyForm@GeneCounter@@$$FAE$AAM?AVMat@cv@@V34@@Z)
MyForm.obj : error LNK2028: se hace referencia al símbolo (token) sin resolver (0A001406) "class cv::Rect_<int> __cdecl cv::boundingRect(class cv::_InputArray const &)" (?boundingRect@cv@@$$FYA?AV?$Rect_@H@1@AEBV_InputArray@1@@Z) en la función "private: class cv::Mat __clrcall GeneCounter::MyForm::contarGenes(class cv::Mat)" (?contarGenes@MyForm@GeneCounter@@$$FAE$AAM?AVMat@cv@@V34@@Z)
MyForm.obj : error LNK2028: se hace referencia al símbolo (token) sin resolver (0A00144E) "void __cdecl cv::putText(class cv::_InputOutputArray const &,class cv::String const &,class cv::Point_<int>,int,double,class cv::Scalar_<double>,int,int,bool)" (?putText@cv@@$$FYAXAEBV_InputOutputArray@1@AEBVString@1@V?$Point_@H@1@HNV?$Scalar_@N@1@HH_N@Z) en la función "private: class cv::Mat __clrcall GeneCounter::MyForm::contarGenes(class cv::Mat)" (?contarGenes@MyForm@GeneCounter@@$$FAE$AAM?AVMat@cv@@V34@@Z)
MyForm.obj : error LNK2028: se hace referencia al símbolo (token) sin resolver (0A00145E) "void __cdecl cv::cvtColor(class cv::_InputArray const &,class cv::_OutputArray const &,int,int)" (?cvtColor@cv@@$$FYAXAEBV_InputArray@1@AEBV_OutputArray@1@HH@Z) en la función "private: class cv::Mat __clrcall GeneCounter::MyForm::contarGenes(class cv::Mat)" (?contarGenes@MyForm@GeneCounter@@$$FAE$AAM?AVMat@cv@@V34@@Z)
MyForm.obj : error LNK2028: se hace referencia al símbolo (token) sin resolver (0A001474) "double __cdecl cv::threshold(class cv::_InputArray const &,class cv::_OutputArray const &,double,double,int)" (?threshold@cv@@$$FYANAEBV_InputArray@1@AEBV_OutputArray@1@NNH@Z) en la función "private: class cv::Mat __clrcall GeneCounter::MyForm::contarGenes(class cv::Mat)" (?contarGenes@MyForm@GeneCounter@@$$FAE$AAM?AVMat@cv@@V34@@Z)
MyForm.obj : error LNK2028: se hace referencia al símbolo (token) sin resolver (0A001475) "bool __cdecl cv::imwrite(class cv::String const &,class cv::_InputArray const &,class std::vector<int,class std::allocator<int> > const &)" (?imwrite@cv@@$$FYA_NAEBVString@1@AEBV_InputArray@1@AEBV?$vector@HV?$allocator@H@std@@@std@@@Z) en la función "private: void __clrcall GeneCounter::MyForm::showImage(class cv::Mat)" (?showImage@MyForm@GeneCounter@@$$FAE$AAMXVMat@cv@@@Z)
MyForm.obj : error LNK2028: se hace referencia al símbolo (token) sin resolver (0A001483) "void __cdecl cv::drawContours(class cv::_InputOutputArray const &,class cv::_InputArray const &,int,class cv::Scalar_<double> const &,int,int,class cv::_InputArray const &,int,class cv::Point_<int>)" (?drawContours@cv@@$$FYAXAEBV_InputOutputArray@1@AEBV_InputArray@1@HAEBV?$Scalar_@N@1@HH1HV?$Point_@H@1@@Z) en la función "private: class cv::Mat __clrcall GeneCounter::MyForm::contarGenes(class cv::Mat)" (?contarGenes@MyForm@GeneCounter@@$$FAE$AAM?AVMat@cv@@V34@@Z)
MyForm.obj : error LNK2028: se hace referencia al símbolo (token) sin resolver (0A001484) "double __cdecl cv::contourArea(class cv::_InputArray const &,bool)" (?contourArea@cv@@$$FYANAEBV_InputArray@1@_N@Z) en la función "private: class cv::Mat __clrcall GeneCounter::MyForm::contarGenes(class cv::Mat)" (?contarGenes@MyForm@GeneCounter@@$$FAE$AAM?AVMat@cv@@V34@@Z)
MyForm.obj : error LNK2001: símbolo externo "public: virtual void __cdecl cv::HOGDescriptor::setSVMDetector(class cv::_InputArray const &)" (?setSVMDetector@HOGDescriptor@cv@@UEAAXAEBV_InputArray@2@@Z) sin resolver
MyForm.obj : error LNK2001: símbolo externo "public: virtual void __cdecl cv::HOGDescriptor::compute(class cv::_InputArray const &,class std::vector<float,class std::allocator<float> > &,class cv::Size_<int>,class cv::Size_<int>,class std::vector<class cv::Point_<int>,class std::allocator<class cv::Point_<int> > > const &)const " (?compute@HOGDescriptor@cv@@UEBAXAEBV_InputArray@2@AEAV?$vector@MV?$allocator@M@std@@@std@@V?$Size_@H@2@2AEBV?$vector@V?$Point_@H@cv@@V?$allocator@V?$Point_@H@cv@@@std@@@5@@Z) sin resolver
MyForm.obj : error LNK2001: símbolo externo "public: virtual void __cdecl cv::HOGDescriptor::detectMultiScale(class cv::_InputArray const &,class std::vector<class cv::Rect_<int>,class std::allocator<class cv::Rect_<int> > > &,double,class cv::Size_<int>,class cv::Size_<int>,double,double,bool)const " (?detectMultiScale@HOGDescriptor@cv@@UEBAXAEBV_InputArray@2@AEAV?$vector@V?$Rect_@H@cv@@V?$allocator@V?$Rect_@H@cv@@@std@@@std@@NV?$Size_@H@2@2NN_N@Z) sin resolver
MyForm.obj : error LNK2001: símbolo externo "public: virtual void __cdecl cv::HOGDescriptor::detectMultiScale(class cv::_InputArray const &,class std::vector<class cv::Rect_<int>,class std::allocator<class cv::Rect_<int> > > &,class std::vector<double,class std::allocator<double> > &,double,class cv::Size_<int>,class cv::Size_<int>,double,double,bool)const " (?detectMultiScale@HOGDescriptor@cv@@UEBAXAEBV_InputArray@2@AEAV?$vector@V?$Rect_@H@cv@@V?$allocator@V?$Rect_@H@cv@@@std@@@std@@AEAV?$vector@NV?$allocator@N@std@@@5@NV?$Size_@H@2@3NN_N@Z) sin resolver
MyForm.obj : error LNK2019: símbolo externo "bool __cdecl cv::imwrite(class cv::String const &,class cv::_InputArray const &,class std::vector<int,class std::allocator<int> > const &)" (?imwrite@cv@@$$FYA_NAEBVString@1@AEBV_InputArray@1@AEBV?$vector@HV?$allocator@H@std@@@std@@@Z) sin resolver al que se hace referencia en la función "private: void __clrcall GeneCounter::MyForm::showImage(class cv::Mat)" (?showImage@MyForm@GeneCounter@@$$FAE$AAMXVMat@cv@@@Z)
MyForm.obj : error LNK2019: símbolo externo "void __cdecl cv::cvtColor(class cv::_InputArray const &,class cv::_OutputArray const &,int,int)" (?cvtColor@cv@@$$FYAXAEBV_InputArray@1@AEBV_OutputArray@1@HH@Z) sin resolver al que se hace referencia en la función "private: class cv::Mat __clrcall GeneCounter::MyForm::contarGenes(class cv::Mat)" (?contarGenes@MyForm@GeneCounter@@$$FAE$AAM?AVMat@cv@@V34@@Z)
MyForm.obj : error LNK2019: símbolo externo "double __cdecl cv::threshold(class cv::_InputArray const &,class cv::_OutputArray const &,double,double,int)" (?threshold@cv@@$$FYANAEBV_InputArray@1@AEBV_OutputArray@1@NNH@Z) sin resolver al que se hace referencia en la función "private: class cv::Mat __clrcall GeneCounter::MyForm::contarGenes(class cv::Mat)" (?contarGenes@MyForm@GeneCounter@@$$FAE$AAM?AVMat@cv@@V34@@Z)
MyForm.obj : error LNK2019: símbolo externo "void __cdecl cv::findContours(class cv::_InputOutputArray const &,class cv::_OutputArray const &,class cv::_OutputArray const &,int,int,class cv::Point_<int>)" (?findContours@cv@@$$FYAXAEBV_InputOutputArray@1@AEBV_OutputArray@1@1HHV?$Point_@H@1@@Z) sin resolver al que se hace referencia en la función "private: class cv::Mat __clrcall GeneCounter::MyForm::contarGenes(class cv::Mat)" (?contarGenes@MyForm@GeneCounter@@$$FAE$AAM?AVMat@cv@@V34@@Z)
MyForm.obj : error LNK2019: símbolo externo "double __cdecl cv::contourArea(class cv::_InputArray const &,bool)" (?contourArea@cv@@$$FYANAEBV_InputArray@1@_N@Z) sin resolver al que se hace referencia en la función "private: class cv::Mat __clrcall GeneCounter::MyForm::contarGenes(class cv::Mat)" (?contarGenes@MyForm@GeneCounter@@$$FAE$AAM?AVMat@cv@@V34@@Z)
MyForm.obj : error LNK2019: símbolo externo "void __cdecl cv::drawContours(class cv::_InputOutputArray const &,class cv::_InputArray const &,int,class cv::Scalar_<double> const &,int,int,class cv::_InputArray const &,int,class cv::Point_<int>)" (?drawContours@cv@@$$FYAXAEBV_InputOutputArray@1@AEBV_InputArray@1@HAEBV?$Scalar_@N@1@HH1HV?$Point_@H@1@@Z) sin resolver al que se hace referencia en la función "private: class cv::Mat __clrcall GeneCounter::MyForm::contarGenes(class cv::Mat)" (?contarGenes@MyForm@GeneCounter@@$$FAE$AAM?AVMat@cv@@V34@@Z)
MyForm.obj : error LNK2019: símbolo externo "class cv::Rect_<int> __cdecl cv::boundingRect(class cv::_InputArray const &)" (?boundingRect@cv@@$$FYA?AV?$Rect_@H@1@AEBV_InputArray@1@@Z) sin resolver al que se hace referencia en la función "private: class cv::Mat __clrcall GeneCounter::MyForm::contarGenes(class cv::Mat)" (?contarGenes@MyForm@GeneCounter@@$$FAE$AAM?AVMat@cv@@V34@@Z)
MyForm.obj : error LNK2019: símbolo externo "void __cdecl cv::putText(class cv::_InputOutputArray const &,class cv::String const &,class cv::Point_<int>,int,double,class cv::Scalar_<double>,int,int,bool)" (?putText@cv@@$$FYAXAEBV_InputOutputArray@1@AEBVString@1@V?$Point_@H@1@HNV?$Scalar_@N@1@HH_N@Z) sin resolver al que se hace referencia en la función "private: class cv::Mat __clrcall GeneCounter::MyForm::contarGenes(class cv::Mat)" (?contarGenes@MyForm@GeneCounter@@$$FAE$AAM?AVMat@cv@@V34@@Z)
C:\Users\vaks\Desktop\Desarrollo\Workspace\geneCounter\x64\Release\GeneCounter.exe : fatal error LNK1120: 20 externos sin resolver
